<?xml version='1.0' encoding='UTF-8'?>
<testsuite hostname="till-laptop-ubuntu" name="OutlayTest" tests="6" errors="0" failures="0" skipped="0" time="0.044" timestamp="2020-11-16T12:02:05">
                     <properties>
[...]
</properties>
                     <testcase classname="OutlayTest" name="The function 'from' should return a Outlay object with Paul, if 'Paul' is passed" time="0.04">
                                                 
                                               </testcase><testcase classname="OutlayTest" name="The function 'towards' should return a Outlay object with 'Martin, Till', if 'Martin, Till' is passed" time="0.001">
                                                 
                                               </testcase><testcase classname="OutlayTest" name="The function 'of' should return a Outlay object with '100', if '100.EUR' is passed" time="0.001">
                                                 
                                               </testcase><testcase classname="OutlayTest" name="The function 'of' should return a Outlay object with '92', if '100.CHF' is passed" time="0.001">
                                                 
                                               </testcase><testcase classname="OutlayTest" name="The function 'at' should return a Outlay object with 'supermarket', if 'supermarket' is passed" time="0.0">
                                                 
                                               </testcase><testcase classname="OutlayTest" name="The function chain should return a Outlay object" time="0.001">
                                                 
                                               </testcase>
                     <system-out><![CDATA[]]></system-out>
                     <system-err><![CDATA[]]></system-err>
                   </testsuite>