<?xml version='1.0' encoding='UTF-8'?>
<testsuite hostname="till-laptop-ubuntu" name="LCTest" tests="7" errors="0" failures="3" skipped="0" time="0.094" timestamp="2020-11-16T12:02:05">
                     <properties>
[...]
</properties>
                     <testcase classname="LCTest" name="The Function gnerateBill should return a right formatted String on the Input with the otlays" time="0.087">
                                                 <failure message="&quot;...ll	Paul	Martin
	-250[,00	250,00	0,00	supermarket
	200,00	-200,00	0,00	cinema
	-50,00	50,00	0,]00
Till has to pay -...&quot; was not equal to &quot;...ll	Paul	Martin
	-250[.00	250.00	0.00	supermarket
	200.00	-200.00	0.00	cinema
	-50.00	50.00	0.]00
Till has to pay -...&quot;" type="org.scalatest.exceptions.TestFailedException">org.scalatest.exceptions.TestFailedException: &quot;...ll	Paul	Martin
	-250[,00	250,00	0,00	supermarket
	200,00	-200,00	0,00	cinema
	-50,00	50,00	0,]00
Till has to pay -...&quot; was not equal to &quot;...ll	Paul	Martin
	-250[.00	250.00	0.00	supermarket
	200.00	-200.00	0.00	cinema
	-50.00	50.00	0.]00
Till has to pay -...&quot;
	at org.scalatest.matchers.MatchersHelper$.indicateFailure(MatchersHelper.scala:344)
	at org.scalatest.matchers.should.Matchers$ShouldMethodHelperClass.shouldMatcher(Matchers.scala:6778)
	at org.scalatest.matchers.should.Matchers$AnyShouldWrapper.should(Matchers.scala:6822)
	at LCTest.$anonfun$new$1(LCTest.scala:18)
	at org.scalatest.OutcomeOf.outcomeOf(OutcomeOf.scala:85)
	at org.scalatest.OutcomeOf.outcomeOf$(OutcomeOf.scala:83)
	at org.scalatest.OutcomeOf$.outcomeOf(OutcomeOf.scala:104)
	at org.scalatest.Transformer.apply(Transformer.scala:22)
	at org.scalatest.Transformer.apply(Transformer.scala:20)
	at org.scalatest.wordspec.AnyWordSpecLike$$anon$3.apply(AnyWordSpecLike.scala:1076)
	at org.scalatest.TestSuite.withFixture(TestSuite.scala:196)
	at org.scalatest.TestSuite.withFixture$(TestSuite.scala:195)
	at org.scalatest.wordspec.AnyWordSpec.withFixture(AnyWordSpec.scala:1879)
	at org.scalatest.wordspec.AnyWordSpecLike.invokeWithFixture$1(AnyWordSpecLike.scala:1074)
	at org.scalatest.wordspec.AnyWordSpecLike.$anonfun$runTest$1(AnyWordSpecLike.scala:1086)
	at org.scalatest.SuperEngine.runTestImpl(Engine.scala:306)
	at org.scalatest.wordspec.AnyWordSpecLike.runTest(AnyWordSpecLike.scala:1086)
	at org.scalatest.wordspec.AnyWordSpecLike.runTest$(AnyWordSpecLike.scala:1068)
	at org.scalatest.wordspec.AnyWordSpec.runTest(AnyWordSpec.scala:1879)
	at org.scalatest.wordspec.AnyWordSpecLike.$anonfun$runTests$1(AnyWordSpecLike.scala:1145)
	at org.scalatest.SuperEngine.$anonfun$runTestsInBranch$1(Engine.scala:413)
	at scala.collection.immutable.List.foreach(List.scala:333)
	at org.scalatest.SuperEngine.traverseSubNodes$1(Engine.scala:401)
	at org.scalatest.SuperEngine.runTestsInBranch(Engine.scala:396)
	at org.scalatest.SuperEngine.runTestsImpl(Engine.scala:475)
	at org.scalatest.wordspec.AnyWordSpecLike.runTests(AnyWordSpecLike.scala:1145)
	at org.scalatest.wordspec.AnyWordSpecLike.runTests$(AnyWordSpecLike.scala:1144)
	at org.scalatest.wordspec.AnyWordSpec.runTests(AnyWordSpec.scala:1879)
	at org.scalatest.Suite.run(Suite.scala:1112)
	at org.scalatest.Suite.run$(Suite.scala:1094)
	at org.scalatest.wordspec.AnyWordSpec.org$scalatest$wordspec$AnyWordSpecLike$$super$run(AnyWordSpec.scala:1879)
	at org.scalatest.wordspec.AnyWordSpecLike.$anonfun$run$1(AnyWordSpecLike.scala:1190)
	at org.scalatest.SuperEngine.runImpl(Engine.scala:535)
	at org.scalatest.wordspec.AnyWordSpecLike.run(AnyWordSpecLike.scala:1190)
	at org.scalatest.wordspec.AnyWordSpecLike.run$(AnyWordSpecLike.scala:1188)
	at org.scalatest.wordspec.AnyWordSpec.run(AnyWordSpec.scala:1879)
	at org.scalatest.tools.Framework.org$scalatest$tools$Framework$$runSuite(Framework.scala:318)
	at org.scalatest.tools.Framework$ScalaTestTask.execute(Framework.scala:513)
	at sbt.TestRunner.runTest$1(TestFramework.scala:139)
	at sbt.TestRunner.run(TestFramework.scala:154)
	at sbt.TestFramework$$anon$3$$anonfun$$lessinit$greater$1.$anonfun$apply$1(TestFramework.scala:317)
	at sbt.TestFramework$.sbt$TestFramework$$withContextLoader(TestFramework.scala:277)
	at sbt.TestFramework$$anon$3$$anonfun$$lessinit$greater$1.apply(TestFramework.scala:317)
	at sbt.TestFramework$$anon$3$$anonfun$$lessinit$greater$1.apply(TestFramework.scala:317)
	at sbt.TestFunction.apply(TestFramework.scala:329)
	at sbt.Tests$.$anonfun$toTask$1(Tests.scala:422)
	at sbt.std.Transform$$anon$3.$anonfun$apply$2(Transform.scala:46)
	at sbt.std.Transform$$anon$4.work(Transform.scala:68)
	at sbt.Execute.$anonfun$submit$2(Execute.scala:282)
	at sbt.internal.util.ErrorHandling$.wideConvert(ErrorHandling.scala:23)
	at sbt.Execute.work(Execute.scala:291)
	at sbt.Execute.$anonfun$submit$1(Execute.scala:282)
	at sbt.ConcurrentRestrictions$$anon$4.$anonfun$submitValid$1(ConcurrentRestrictions.scala:265)
	at sbt.CompletionService$$anon$2.call(CompletionService.scala:64)
	at java.base/java.util.concurrent.FutureTask.run(FutureTask.java:264)
	at java.base/java.util.concurrent.Executors$RunnableAdapter.call(Executors.java:515)
	at java.base/java.util.concurrent.FutureTask.run(FutureTask.java:264)
	at java.base/java.util.concurrent.ThreadPoolExecutor.runWorker(ThreadPoolExecutor.java:1130)
	at java.base/java.util.concurrent.ThreadPoolExecutor$Worker.run(ThreadPoolExecutor.java:630)
	at java.base/java.lang.Thread.run(Thread.java:832)
</failure>
                                               </testcase><testcase classname="LCTest" name="The Function getPayInstuctions should return a right formatted String which tells who has to pay how much" time="0.001">
                                                 
                                               </testcase><testcase classname="LCTest" name="The Function createBillString should return a right formatted String which includes all the purchases but not the end result" time="0.002">
                                                 <failure message="&quot;	-250[,00	250,00	0,00	supermarket
	200,00	-200,00	0,]00	cinema&quot; was not equal to &quot;	-250[.00	250.00	0.00	supermarket
	200.00	-200.00	0.]00	cinema&quot;" type="org.scalatest.exceptions.TestFailedException">org.scalatest.exceptions.TestFailedException: &quot;	-250[,00	250,00	0,00	supermarket
	200,00	-200,00	0,]00	cinema&quot; was not equal to &quot;	-250[.00	250.00	0.00	supermarket
	200.00	-200.00	0.]00	cinema&quot;
	at org.scalatest.matchers.MatchersHelper$.indicateFailure(MatchersHelper.scala:344)
	at org.scalatest.matchers.should.Matchers$ShouldMethodHelperClass.shouldMatcher(Matchers.scala:6778)
	at org.scalatest.matchers.should.Matchers$AnyShouldWrapper.should(Matchers.scala:6822)
	at LCTest.$anonfun$new$3(LCTest.scala:38)
	at org.scalatest.OutcomeOf.outcomeOf(OutcomeOf.scala:85)
	at org.scalatest.OutcomeOf.outcomeOf$(OutcomeOf.scala:83)
	at org.scalatest.OutcomeOf$.outcomeOf(OutcomeOf.scala:104)
	at org.scalatest.Transformer.apply(Transformer.scala:22)
	at org.scalatest.Transformer.apply(Transformer.scala:20)
	at org.scalatest.wordspec.AnyWordSpecLike$$anon$3.apply(AnyWordSpecLike.scala:1076)
	at org.scalatest.TestSuite.withFixture(TestSuite.scala:196)
	at org.scalatest.TestSuite.withFixture$(TestSuite.scala:195)
	at org.scalatest.wordspec.AnyWordSpec.withFixture(AnyWordSpec.scala:1879)
	at org.scalatest.wordspec.AnyWordSpecLike.invokeWithFixture$1(AnyWordSpecLike.scala:1074)
	at org.scalatest.wordspec.AnyWordSpecLike.$anonfun$runTest$1(AnyWordSpecLike.scala:1086)
	at org.scalatest.SuperEngine.runTestImpl(Engine.scala:306)
	at org.scalatest.wordspec.AnyWordSpecLike.runTest(AnyWordSpecLike.scala:1086)
	at org.scalatest.wordspec.AnyWordSpecLike.runTest$(AnyWordSpecLike.scala:1068)
	at org.scalatest.wordspec.AnyWordSpec.runTest(AnyWordSpec.scala:1879)
	at org.scalatest.wordspec.AnyWordSpecLike.$anonfun$runTests$1(AnyWordSpecLike.scala:1145)
	at org.scalatest.SuperEngine.$anonfun$runTestsInBranch$1(Engine.scala:413)
	at scala.collection.immutable.List.foreach(List.scala:333)
	at org.scalatest.SuperEngine.traverseSubNodes$1(Engine.scala:401)
	at org.scalatest.SuperEngine.runTestsInBranch(Engine.scala:396)
	at org.scalatest.SuperEngine.runTestsImpl(Engine.scala:475)
	at org.scalatest.wordspec.AnyWordSpecLike.runTests(AnyWordSpecLike.scala:1145)
	at org.scalatest.wordspec.AnyWordSpecLike.runTests$(AnyWordSpecLike.scala:1144)
	at org.scalatest.wordspec.AnyWordSpec.runTests(AnyWordSpec.scala:1879)
	at org.scalatest.Suite.run(Suite.scala:1112)
	at org.scalatest.Suite.run$(Suite.scala:1094)
	at org.scalatest.wordspec.AnyWordSpec.org$scalatest$wordspec$AnyWordSpecLike$$super$run(AnyWordSpec.scala:1879)
	at org.scalatest.wordspec.AnyWordSpecLike.$anonfun$run$1(AnyWordSpecLike.scala:1190)
	at org.scalatest.SuperEngine.runImpl(Engine.scala:535)
	at org.scalatest.wordspec.AnyWordSpecLike.run(AnyWordSpecLike.scala:1190)
	at org.scalatest.wordspec.AnyWordSpecLike.run$(AnyWordSpecLike.scala:1188)
	at org.scalatest.wordspec.AnyWordSpec.run(AnyWordSpec.scala:1879)
	at org.scalatest.tools.Framework.org$scalatest$tools$Framework$$runSuite(Framework.scala:318)
	at org.scalatest.tools.Framework$ScalaTestTask.execute(Framework.scala:513)
	at sbt.TestRunner.runTest$1(TestFramework.scala:139)
	at sbt.TestRunner.run(TestFramework.scala:154)
	at sbt.TestFramework$$anon$3$$anonfun$$lessinit$greater$1.$anonfun$apply$1(TestFramework.scala:317)
	at sbt.TestFramework$.sbt$TestFramework$$withContextLoader(TestFramework.scala:277)
	at sbt.TestFramework$$anon$3$$anonfun$$lessinit$greater$1.apply(TestFramework.scala:317)
	at sbt.TestFramework$$anon$3$$anonfun$$lessinit$greater$1.apply(TestFramework.scala:317)
	at sbt.TestFunction.apply(TestFramework.scala:329)
	at sbt.Tests$.$anonfun$toTask$1(Tests.scala:422)
	at sbt.std.Transform$$anon$3.$anonfun$apply$2(Transform.scala:46)
	at sbt.std.Transform$$anon$4.work(Transform.scala:68)
	at sbt.Execute.$anonfun$submit$2(Execute.scala:282)
	at sbt.internal.util.ErrorHandling$.wideConvert(ErrorHandling.scala:23)
	at sbt.Execute.work(Execute.scala:291)
	at sbt.Execute.$anonfun$submit$1(Execute.scala:282)
	at sbt.ConcurrentRestrictions$$anon$4.$anonfun$submitValid$1(ConcurrentRestrictions.scala:265)
	at sbt.CompletionService$$anon$2.call(CompletionService.scala:64)
	at java.base/java.util.concurrent.FutureTask.run(FutureTask.java:264)
	at java.base/java.util.concurrent.Executors$RunnableAdapter.call(Executors.java:515)
	at java.base/java.util.concurrent.FutureTask.run(FutureTask.java:264)
	at java.base/java.util.concurrent.ThreadPoolExecutor.runWorker(ThreadPoolExecutor.java:1130)
	at java.base/java.util.concurrent.ThreadPoolExecutor$Worker.run(ThreadPoolExecutor.java:630)
	at java.base/java.lang.Thread.run(Thread.java:832)
</failure>
                                               </testcase><testcase classname="LCTest" name="The function getInitalSituation should return a vec with one 0 for each part of the LC" time="0.001">
                                                 
                                               </testcase><testcase classname="LCTest" name="The function createNameString should return a String which includes the Name of each member in the right format" time="0.001">
                                                 
                                               </testcase><testcase classname="LCTest" name="The function createSumString should return a String which includes the last row of the bill" time="0.001">
                                                 <failure message="&quot;
	50[,00	-50,]00
&quot; was not equal to &quot;
	50[.00	-50.]00
&quot;" type="org.scalatest.exceptions.TestFailedException">org.scalatest.exceptions.TestFailedException: &quot;
	50[,00	-50,]00
&quot; was not equal to &quot;
	50[.00	-50.]00
&quot;
	at org.scalatest.matchers.MatchersHelper$.indicateFailure(MatchersHelper.scala:344)
	at org.scalatest.matchers.should.Matchers$ShouldMethodHelperClass.shouldMatcher(Matchers.scala:6778)
	at org.scalatest.matchers.should.Matchers$AnyShouldWrapper.should(Matchers.scala:6822)
	at LCTest.$anonfun$new$6(LCTest.scala:57)
	at org.scalatest.OutcomeOf.outcomeOf(OutcomeOf.scala:85)
	at org.scalatest.OutcomeOf.outcomeOf$(OutcomeOf.scala:83)
	at org.scalatest.OutcomeOf$.outcomeOf(OutcomeOf.scala:104)
	at org.scalatest.Transformer.apply(Transformer.scala:22)
	at org.scalatest.Transformer.apply(Transformer.scala:20)
	at org.scalatest.wordspec.AnyWordSpecLike$$anon$3.apply(AnyWordSpecLike.scala:1076)
	at org.scalatest.TestSuite.withFixture(TestSuite.scala:196)
	at org.scalatest.TestSuite.withFixture$(TestSuite.scala:195)
	at org.scalatest.wordspec.AnyWordSpec.withFixture(AnyWordSpec.scala:1879)
	at org.scalatest.wordspec.AnyWordSpecLike.invokeWithFixture$1(AnyWordSpecLike.scala:1074)
	at org.scalatest.wordspec.AnyWordSpecLike.$anonfun$runTest$1(AnyWordSpecLike.scala:1086)
	at org.scalatest.SuperEngine.runTestImpl(Engine.scala:306)
	at org.scalatest.wordspec.AnyWordSpecLike.runTest(AnyWordSpecLike.scala:1086)
	at org.scalatest.wordspec.AnyWordSpecLike.runTest$(AnyWordSpecLike.scala:1068)
	at org.scalatest.wordspec.AnyWordSpec.runTest(AnyWordSpec.scala:1879)
	at org.scalatest.wordspec.AnyWordSpecLike.$anonfun$runTests$1(AnyWordSpecLike.scala:1145)
	at org.scalatest.SuperEngine.$anonfun$runTestsInBranch$1(Engine.scala:413)
	at scala.collection.immutable.List.foreach(List.scala:333)
	at org.scalatest.SuperEngine.traverseSubNodes$1(Engine.scala:401)
	at org.scalatest.SuperEngine.runTestsInBranch(Engine.scala:396)
	at org.scalatest.SuperEngine.runTestsImpl(Engine.scala:475)
	at org.scalatest.wordspec.AnyWordSpecLike.runTests(AnyWordSpecLike.scala:1145)
	at org.scalatest.wordspec.AnyWordSpecLike.runTests$(AnyWordSpecLike.scala:1144)
	at org.scalatest.wordspec.AnyWordSpec.runTests(AnyWordSpec.scala:1879)
	at org.scalatest.Suite.run(Suite.scala:1112)
	at org.scalatest.Suite.run$(Suite.scala:1094)
	at org.scalatest.wordspec.AnyWordSpec.org$scalatest$wordspec$AnyWordSpecLike$$super$run(AnyWordSpec.scala:1879)
	at org.scalatest.wordspec.AnyWordSpecLike.$anonfun$run$1(AnyWordSpecLike.scala:1190)
	at org.scalatest.SuperEngine.runImpl(Engine.scala:535)
	at org.scalatest.wordspec.AnyWordSpecLike.run(AnyWordSpecLike.scala:1190)
	at org.scalatest.wordspec.AnyWordSpecLike.run$(AnyWordSpecLike.scala:1188)
	at org.scalatest.wordspec.AnyWordSpec.run(AnyWordSpec.scala:1879)
	at org.scalatest.tools.Framework.org$scalatest$tools$Framework$$runSuite(Framework.scala:318)
	at org.scalatest.tools.Framework$ScalaTestTask.execute(Framework.scala:513)
	at sbt.TestRunner.runTest$1(TestFramework.scala:139)
	at sbt.TestRunner.run(TestFramework.scala:154)
	at sbt.TestFramework$$anon$3$$anonfun$$lessinit$greater$1.$anonfun$apply$1(TestFramework.scala:317)
	at sbt.TestFramework$.sbt$TestFramework$$withContextLoader(TestFramework.scala:277)
	at sbt.TestFramework$$anon$3$$anonfun$$lessinit$greater$1.apply(TestFramework.scala:317)
	at sbt.TestFramework$$anon$3$$anonfun$$lessinit$greater$1.apply(TestFramework.scala:317)
	at sbt.TestFunction.apply(TestFramework.scala:329)
	at sbt.Tests$.$anonfun$toTask$1(Tests.scala:422)
	at sbt.std.Transform$$anon$3.$anonfun$apply$2(Transform.scala:46)
	at sbt.std.Transform$$anon$4.work(Transform.scala:68)
	at sbt.Execute.$anonfun$submit$2(Execute.scala:282)
	at sbt.internal.util.ErrorHandling$.wideConvert(ErrorHandling.scala:23)
	at sbt.Execute.work(Execute.scala:291)
	at sbt.Execute.$anonfun$submit$1(Execute.scala:282)
	at sbt.ConcurrentRestrictions$$anon$4.$anonfun$submitValid$1(ConcurrentRestrictions.scala:265)
	at sbt.CompletionService$$anon$2.call(CompletionService.scala:64)
	at java.base/java.util.concurrent.FutureTask.run(FutureTask.java:264)
	at java.base/java.util.concurrent.Executors$RunnableAdapter.call(Executors.java:515)
	at java.base/java.util.concurrent.FutureTask.run(FutureTask.java:264)
	at java.base/java.util.concurrent.ThreadPoolExecutor.runWorker(ThreadPoolExecutor.java:1130)
	at java.base/java.util.concurrent.ThreadPoolExecutor$Worker.run(ThreadPoolExecutor.java:630)
	at java.base/java.lang.Thread.run(Thread.java:832)
</failure>
                                               </testcase><testcase classname="LCTest" name="The function generateSum should return a sum for each column the bill" time="0.001">
                                                 
                                               </testcase>
                     <system-out><![CDATA[]]></system-out>
                     <system-err><![CDATA[]]></system-err>
                   </testsuite>